2020-07-24 00:13:22.251  INFO 2716 --- [restartedMain] com.hsjnb.BlogApplication                : Starting BlogApplication on DESKTOP-J0QEJMK with PID 2716 (D:\Code\Java\Blog\target\classes started by Joe in D:\Code\Java\Blog)
2020-07-24 00:13:22.254  INFO 2716 --- [restartedMain] com.hsjnb.BlogApplication                : The following profiles are active: pro
2020-07-24 00:13:22.903  INFO 2716 --- [restartedMain] com.hsjnb.BlogApplication                : Started BlogApplication in 0.688 seconds (JVM running for 3675.905)
2020-07-24 00:13:25.158  INFO 13456 --- [main] com.hsjnb.BlogApplicationTests           : Starting BlogApplicationTests on DESKTOP-J0QEJMK with PID 13456 (started by Joe in D:\Code\Java\Blog)
2020-07-24 00:13:25.160  INFO 13456 --- [main] com.hsjnb.BlogApplicationTests           : The following profiles are active: pro
2020-07-24 00:13:25.643  INFO 2716 --- [restartedMain] com.hsjnb.BlogApplication                : Starting BlogApplication on DESKTOP-J0QEJMK with PID 2716 (D:\Code\Java\Blog\target\classes started by Joe in D:\Code\Java\Blog)
2020-07-24 00:13:25.643  INFO 2716 --- [restartedMain] com.hsjnb.BlogApplication                : The following profiles are active: pro
2020-07-24 00:13:28.265  INFO 2716 --- [restartedMain] com.hsjnb.BlogApplication                : Started BlogApplication in 2.659 seconds (JVM running for 3681.268)
2020-07-24 00:13:33.159  INFO 13456 --- [main] com.hsjnb.BlogApplicationTests           : Started BlogApplicationTests in 8.517 seconds (JVM running for 9.397)
2020-07-24 00:18:27.902  INFO 19240 --- [restartedMain] com.hsjnb.BlogApplication                : Starting BlogApplication on DESKTOP-J0QEJMK with PID 19240 (D:\Code\Java\Blog\target\classes started by Joe in D:\Code\Java\Blog)
2020-07-24 00:18:27.904  INFO 19240 --- [restartedMain] com.hsjnb.BlogApplication                : The following profiles are active: pro
2020-07-24 00:18:31.984  INFO 19240 --- [restartedMain] com.hsjnb.BlogApplication                : Started BlogApplication in 4.571 seconds (JVM running for 5.877)
2020-07-24 00:18:37.877  INFO 19240 --- [http-nio-80-exec-1] com.hsjnb.aspect.LogAspect               : Request : {url = 'http://localhost/blog/2', ip = '0:0:0:0:0:0:0:1', classMethod = 'com.hsjnb.web.IndexController.blog', args = [2, {}]}
2020-07-24 00:18:38.410  INFO 19240 --- [http-nio-80-exec-1] com.hsjnb.aspect.LogAspect               : Result : blog
2020-07-24 00:18:39.160  INFO 19240 --- [http-nio-80-exec-9] com.hsjnb.aspect.LogAspect               : Request : {url = 'http://localhost/footer/newblog', ip = '0:0:0:0:0:0:0:1', classMethod = 'com.hsjnb.web.IndexController.newblogs', args = [{}]}
2020-07-24 00:18:39.360  INFO 19240 --- [http-nio-80-exec-10] com.hsjnb.aspect.LogAspect               : Request : {url = 'http://localhost/comments/2', ip = '0:0:0:0:0:0:0:1', classMethod = 'com.hsjnb.web.CommentController.comments', args = [2, {}]}
2020-07-24 00:18:39.629  INFO 19240 --- [http-nio-80-exec-9] com.hsjnb.aspect.LogAspect               : Result : _fragments :: newblogList
2020-07-24 00:18:39.671  INFO 19240 --- [http-nio-80-exec-10] com.hsjnb.aspect.LogAspect               : Result : blog :: commentList
2020-07-24 00:19:04.464  INFO 19240 --- [restartedMain] com.hsjnb.BlogApplication                : Starting BlogApplication on DESKTOP-J0QEJMK with PID 19240 (D:\Code\Java\Blog\target\classes started by Joe in D:\Code\Java\Blog)
2020-07-24 00:19:04.465  INFO 19240 --- [restartedMain] com.hsjnb.BlogApplication                : The following profiles are active: pro
2020-07-24 00:19:05.084  INFO 19240 --- [restartedMain] com.hsjnb.BlogApplication                : Started BlogApplication in 0.654 seconds (JVM running for 38.976)
2020-07-24 00:19:07.230  INFO 9640 --- [main] com.hsjnb.BlogApplicationTests           : Starting BlogApplicationTests on DESKTOP-J0QEJMK with PID 9640 (started by Joe in D:\Code\Java\Blog)
2020-07-24 00:19:07.231  INFO 9640 --- [main] com.hsjnb.BlogApplicationTests           : The following profiles are active: pro
2020-07-24 00:19:07.624  WARN 19240 --- [Thread-205] o.s.b.f.support.DisposableBeanAdapter    : Invocation of destroy method failed on bean with name 'entityManagerFactory': org.hibernate.AnnotationException: Use of @OneToMany or @ManyToMany targeting an unmapped class: com.hsjnb.po.Type.blogs[com.hsjnb.po.Blog]
2020-07-24 00:19:07.841  INFO 19240 --- [restartedMain] com.hsjnb.BlogApplication                : Starting BlogApplication on DESKTOP-J0QEJMK with PID 19240 (D:\Code\Java\Blog\target\classes started by Joe in D:\Code\Java\Blog)
2020-07-24 00:19:07.841  INFO 19240 --- [restartedMain] com.hsjnb.BlogApplication                : The following profiles are active: pro
2020-07-24 00:19:10.164  INFO 19240 --- [restartedMain] com.hsjnb.BlogApplication                : Started BlogApplication in 2.366 seconds (JVM running for 44.056)
2020-07-24 00:19:13.803  INFO 9640 --- [main] com.hsjnb.BlogApplicationTests           : Started BlogApplicationTests in 7.084 seconds (JVM running for 7.952)
2020-07-24 00:21:15.276  INFO 19240 --- [http-nio-80-exec-1] com.hsjnb.aspect.LogAspect               : Request : {url = 'http://localhost/blog/2', ip = '0:0:0:0:0:0:0:1', classMethod = 'com.hsjnb.web.IndexController.blog', args = [2, {}]}
2020-07-24 00:21:15.788  INFO 19240 --- [http-nio-80-exec-1] com.hsjnb.aspect.LogAspect               : Result : blog
2020-07-24 00:21:16.134  INFO 19240 --- [http-nio-80-exec-1] com.hsjnb.aspect.LogAspect               : Request : {url = 'http://localhost/footer/newblog', ip = '0:0:0:0:0:0:0:1', classMethod = 'com.hsjnb.web.IndexController.newblogs', args = [{}]}
2020-07-24 00:21:16.262  INFO 19240 --- [http-nio-80-exec-10] com.hsjnb.aspect.LogAspect               : Request : {url = 'http://localhost/comments/2', ip = '0:0:0:0:0:0:0:1', classMethod = 'com.hsjnb.web.CommentController.comments', args = [2, {}]}
2020-07-24 00:21:16.567  INFO 19240 --- [http-nio-80-exec-10] com.hsjnb.aspect.LogAspect               : Result : blog :: commentList
2020-07-24 00:21:16.613  INFO 19240 --- [http-nio-80-exec-1] com.hsjnb.aspect.LogAspect               : Result : _fragments :: newblogList
2020-07-24 00:22:00.105  INFO 16636 --- [restartedMain] com.hsjnb.BlogApplication                : Starting BlogApplication on DESKTOP-J0QEJMK with PID 16636 (D:\Code\Java\Blog\target\classes started by Joe in D:\Code\Java\Blog)
2020-07-24 00:22:00.107  INFO 16636 --- [restartedMain] com.hsjnb.BlogApplication                : The following profiles are active: pro
2020-07-24 00:22:04.425  INFO 16636 --- [restartedMain] com.hsjnb.BlogApplication                : Started BlogApplication in 4.766 seconds (JVM running for 6.114)
2020-07-24 00:22:10.441  INFO 16636 --- [http-nio-80-exec-1] com.hsjnb.aspect.LogAspect               : Request : {url = 'http://localhost/blog/2', ip = '0:0:0:0:0:0:0:1', classMethod = 'com.hsjnb.web.IndexController.blog', args = [2, {}]}
2020-07-24 00:22:10.877  INFO 16636 --- [http-nio-80-exec-1] com.hsjnb.aspect.LogAspect               : Result : blog
2020-07-24 00:22:11.664  INFO 16636 --- [http-nio-80-exec-5] com.hsjnb.aspect.LogAspect               : Request : {url = 'http://localhost/footer/newblog', ip = '0:0:0:0:0:0:0:1', classMethod = 'com.hsjnb.web.IndexController.newblogs', args = [{}]}
2020-07-24 00:22:11.805  INFO 16636 --- [http-nio-80-exec-3] com.hsjnb.aspect.LogAspect               : Request : {url = 'http://localhost/comments/2', ip = '0:0:0:0:0:0:0:1', classMethod = 'com.hsjnb.web.CommentController.comments', args = [2, {}]}
2020-07-24 00:22:12.047  INFO 16636 --- [http-nio-80-exec-5] com.hsjnb.aspect.LogAspect               : Result : _fragments :: newblogList
2020-07-24 00:22:12.116  INFO 16636 --- [http-nio-80-exec-3] com.hsjnb.aspect.LogAspect               : Result : blog :: commentList
2020-07-24 00:22:58.209  INFO 8032 --- [main] com.hsjnb.BlogApplicationTests           : Starting BlogApplicationTests on DESKTOP-J0QEJMK with PID 8032 (started by Joe in D:\Code\Java\Blog)
2020-07-24 00:22:58.210  INFO 8032 --- [main] com.hsjnb.BlogApplicationTests           : The following profiles are active: pro
2020-07-24 00:23:04.554  INFO 8032 --- [main] com.hsjnb.BlogApplicationTests           : Started BlogApplicationTests in 6.702 seconds (JVM running for 7.523)
2020-07-24 00:24:56.123  INFO 9736 --- [main] com.hsjnb.BlogApplicationTests           : Starting BlogApplicationTests on DESKTOP-J0QEJMK with PID 9736 (started by Joe in D:\Code\Java\Blog)
2020-07-24 00:24:56.123  INFO 9736 --- [main] com.hsjnb.BlogApplicationTests           : The following profiles are active: pro
2020-07-24 00:25:20.723 ERROR 9736 --- [task-1] com.zaxxer.hikari.pool.HikariPool        : HikariPool-1 - Exception during pool initialization.

com.mysql.cj.jdbc.exceptions.CommunicationsException: Communications link failure

The last packet sent successfully to the server was 0 milliseconds ago. The driver has not received any packets from the server.
	at com.mysql.cj.jdbc.exceptions.SQLError.createCommunicationsException(SQLError.java:174)
	at com.mysql.cj.jdbc.exceptions.SQLExceptionsMapping.translateException(SQLExceptionsMapping.java:64)
	at com.mysql.cj.jdbc.ConnectionImpl.createNewIO(ConnectionImpl.java:836)
	at com.mysql.cj.jdbc.ConnectionImpl.<init>(ConnectionImpl.java:456)
	at com.mysql.cj.jdbc.ConnectionImpl.getInstance(ConnectionImpl.java:246)
	at com.mysql.cj.jdbc.NonRegisteringDriver.connect(NonRegisteringDriver.java:197)
	at com.zaxxer.hikari.util.DriverDataSource.getConnection(DriverDataSource.java:138)
	at com.zaxxer.hikari.pool.PoolBase.newConnection(PoolBase.java:358)
	at com.zaxxer.hikari.pool.PoolBase.newPoolEntry(PoolBase.java:206)
	at com.zaxxer.hikari.pool.HikariPool.createPoolEntry(HikariPool.java:477)
	at com.zaxxer.hikari.pool.HikariPool.checkFailFast(HikariPool.java:560)
	at com.zaxxer.hikari.pool.HikariPool.<init>(HikariPool.java:115)
	at com.zaxxer.hikari.HikariDataSource.getConnection(HikariDataSource.java:112)
	at org.hibernate.engine.jdbc.connections.internal.DatasourceConnectionProviderImpl.getConnection(DatasourceConnectionProviderImpl.java:122)
	at org.hibernate.engine.jdbc.env.internal.JdbcEnvironmentInitiator$ConnectionProviderJdbcConnectionAccess.obtainConnection(JdbcEnvironmentInitiator.java:180)
	at org.hibernate.engine.jdbc.env.internal.JdbcEnvironmentInitiator.initiateService(JdbcEnvironmentInitiator.java:68)
	at org.hibernate.engine.jdbc.env.internal.JdbcEnvironmentInitiator.initiateService(JdbcEnvironmentInitiator.java:35)
	at org.hibernate.boot.registry.internal.StandardServiceRegistryImpl.initiateService(StandardServiceRegistryImpl.java:101)
	at org.hibernate.service.internal.AbstractServiceRegistryImpl.createService(AbstractServiceRegistryImpl.java:263)
	at org.hibernate.service.internal.AbstractServiceRegistryImpl.initializeService(AbstractServiceRegistryImpl.java:237)
	at org.hibernate.service.internal.AbstractServiceRegistryImpl.getService(AbstractServiceRegistryImpl.java:214)
	at org.hibernate.id.factory.internal.DefaultIdentifierGeneratorFactory.injectServices(DefaultIdentifierGeneratorFactory.java:152)
	at org.hibernate.service.internal.AbstractServiceRegistryImpl.injectDependencies(AbstractServiceRegistryImpl.java:286)
	at org.hibernate.service.internal.AbstractServiceRegistryImpl.initializeService(AbstractServiceRegistryImpl.java:243)
	at org.hibernate.service.internal.AbstractServiceRegistryImpl.getService(AbstractServiceRegistryImpl.java:214)
	at org.hibernate.boot.internal.InFlightMetadataCollectorImpl.<init>(InFlightMetadataCollectorImpl.java:176)
	at org.hibernate.boot.model.process.spi.MetadataBuildingProcess.complete(MetadataBuildingProcess.java:118)
	at org.hibernate.jpa.boot.internal.EntityManagerFactoryBuilderImpl.metadata(EntityManagerFactoryBuilderImpl.java:1224)
	at org.hibernate.jpa.boot.internal.EntityManagerFactoryBuilderImpl.build(EntityManagerFactoryBuilderImpl.java:1255)
	at org.springframework.orm.jpa.vendor.SpringHibernateJpaPersistenceProvider.createContainerEntityManagerFactory(SpringHibernateJpaPersistenceProvider.java:58)
	at org.springframework.orm.jpa.LocalContainerEntityManagerFactoryBean.createNativeEntityManagerFactory(LocalContainerEntityManagerFactoryBean.java:365)
	at org.springframework.orm.jpa.AbstractEntityManagerFactoryBean.buildNativeEntityManagerFactory(AbstractEntityManagerFactoryBean.java:391)
	at java.util.concurrent.FutureTask.run(FutureTask.java:266)
	at java.util.concurrent.ThreadPoolExecutor.runWorker(ThreadPoolExecutor.java:1149)
	at java.util.concurrent.ThreadPoolExecutor$Worker.run(ThreadPoolExecutor.java:624)
	at java.lang.Thread.run(Thread.java:748)
Caused by: com.mysql.cj.exceptions.CJCommunicationsException: Communications link failure

The last packet sent successfully to the server was 0 milliseconds ago. The driver has not received any packets from the server.
	at sun.reflect.NativeConstructorAccessorImpl.newInstance0(Native Method)
	at sun.reflect.NativeConstructorAccessorImpl.newInstance(NativeConstructorAccessorImpl.java:62)
	at sun.reflect.DelegatingConstructorAccessorImpl.newInstance(DelegatingConstructorAccessorImpl.java:45)
	at java.lang.reflect.Constructor.newInstance(Constructor.java:423)
	at com.mysql.cj.exceptions.ExceptionFactory.createException(ExceptionFactory.java:61)
	at com.mysql.cj.exceptions.ExceptionFactory.createException(ExceptionFactory.java:105)
	at com.mysql.cj.exceptions.ExceptionFactory.createException(ExceptionFactory.java:151)
	at com.mysql.cj.exceptions.ExceptionFactory.createCommunicationsException(ExceptionFactory.java:167)
	at com.mysql.cj.protocol.a.NativeSocketConnection.connect(NativeSocketConnection.java:91)
	at com.mysql.cj.NativeSession.connect(NativeSession.java:144)
	at com.mysql.cj.jdbc.ConnectionImpl.connectOneTryOnly(ConnectionImpl.java:956)
	at com.mysql.cj.jdbc.ConnectionImpl.createNewIO(ConnectionImpl.java:826)
	... 33 common frames omitted
Caused by: java.net.ConnectException: Connection timed out: connect
	at java.net.DualStackPlainSocketImpl.waitForConnect(Native Method)
	at java.net.DualStackPlainSocketImpl.socketConnect(DualStackPlainSocketImpl.java:85)
	at java.net.AbstractPlainSocketImpl.doConnect(AbstractPlainSocketImpl.java:350)
	at java.net.AbstractPlainSocketImpl.connectToAddress(AbstractPlainSocketImpl.java:206)
	at java.net.AbstractPlainSocketImpl.connect(AbstractPlainSocketImpl.java:188)
	at java.net.PlainSocketImpl.connect(PlainSocketImpl.java:172)
	at java.net.SocksSocketImpl.connect(SocksSocketImpl.java:392)
	at java.net.Socket.connect(Socket.java:589)
	at com.mysql.cj.protocol.StandardSocketFactory.connect(StandardSocketFactory.java:155)
	at com.mysql.cj.protocol.a.NativeSocketConnection.connect(NativeSocketConnection.java:65)
	... 36 common frames omitted

2020-07-24 00:25:20.726  WARN 9736 --- [task-1] o.h.e.j.e.i.JdbcEnvironmentInitiator     : HHH000342: Could not obtain connection to query metadata : Communications link failure

The last packet sent successfully to the server was 0 milliseconds ago. The driver has not received any packets from the server.
2020-07-24 00:25:23.615  INFO 9736 --- [main] com.hsjnb.BlogApplicationTests           : Started BlogApplicationTests in 27.898 seconds (JVM running for 28.7)
